<?xml version="1.0" encoding="UTF-8"?>
<testsuite name="MastermindTest" tests="2" skipped="0" failures="0" errors="0" timestamp="2019-11-10T16:49:51" hostname="mthoolen" time="0.093">
  <properties/>
  <testcase name="mastermind should take a secret" classname="MastermindTest" time="0.08"/>
  <testcase name="mastermind should take a guess" classname="MastermindTest" time="0.013"/>
  <system-out><![CDATA[]]></system-out>
  <system-err><![CDATA[]]></system-err>
</testsuite>
